<?xml version="1.0" encoding="UTF-8"?>
<!-- Generated by org.testng.reporters.JUnitReportReporter -->
<testsuite hostname="DESKTOP-D1NGH9K" failures="0" tests="2" name="calculator.StringCalculatorShould" time="0.007" errors="0" timestamp="2021-10-18T12:13:32 IST" skipped="0">
  <testcase classname="calculator.StringCalculatorShould" name="string_with_single_number_should_return_number_as_int" time="0.001"/>
  <system-out/>
  <testcase classname="calculator.StringCalculatorShould" name="empty_string_should_return_0" time="0.006"/>
  <system-out/>
</testsuite> <!-- calculator.StringCalculatorShould -->
