<?xml version="1.0" encoding="UTF-8"?>
<!-- Generated by org.testng.reporters.JUnitReportReporter -->
<testsuite hostname="DESKTOP-D1NGH9K" failures="0" tests="1" name="calculator.StringCalculatorShould" time="0.011" errors="0" timestamp="2021-10-18T12:10:54 IST" skipped="0">
  <testcase classname="calculator.StringCalculatorShould" name="empty_string_should_return_0" time="0.011"/>
  <system-out/>
</testsuite> <!-- calculator.StringCalculatorShould -->
